<?xml version="1.0" encoding="UTF-8"?>
<!-- Generated by org.testng.reporters.JUnitXMLReporter -->
<testsuite ignored="0" hostname="R_A_J" failures="0" tests="1" name="Surefire test" time="0.072" errors="0" timestamp="2025-04-12T14:56:29 IST">
  <testcase classname="tastBase.OrangeHrm" name="@BeforeClass setUp" time="-1.744449989761E9">
    <failure type="org.testng.TestNGException" message="
Parameter &amp;apos;browser&amp;apos; is required by BeforeClass on method setUp but has not been marked @Optional or defined
">
      <![CDATA[org.testng.TestNGException: 
Parameter 'browser' is required by BeforeClass on method setUp but has not been marked @Optional or defined

at java.base/java.util.ArrayList.forEach(ArrayList.java:1596)
... Removed 27 stack frames]]>
    </failure>
  </testcase> <!-- @BeforeClass setUp -->
  <testcase classname="tastBase.OrangeHrm" name="@AfterClass tearEnd" time="0.0">
    <skipped/>
  </testcase> <!-- @AfterClass tearEnd -->
  <testcase classname="testCases.TC001_Verify_Acc_Reg" name="verifyAccountReg" time="0.001">
    <skipped/>
  </testcase> <!-- verifyAccountReg -->
</testsuite> <!-- Surefire test -->
